<?xml version="1.0" encoding="UTF-8"?>
<!-- Generated by org.testng.reporters.JUnitXMLReporter -->
<testsuite hostname="GCND8251LFTE" ignored="1" name="Test in IE" tests="2" failures="0" timestamp="2019-02-26T15:09:32 GMT-08:00" time="6.615" errors="0">
  <testcase name="ssoLogin" time="3.967" classname="web.FirstSample"/>
  <testcase name="searchWeather" time="0.058" classname="web.FirstSample"/>
  <testcase name="homePage" time="0.0" classname="web.FirstSample">
    <ignored/>
  </testcase> <!-- homePage -->
</testsuite> <!-- Test in IE -->
