<?xml version="1.0" encoding="UTF-8"?>
<!-- Generated by org.testng.reporters.JUnitXMLReporter -->
<testsuite hostname="GCND8251LFTE" ignored="1" name="Test in Chrome" tests="2" failures="0" timestamp="2019-02-26T15:09:42 GMT-08:00" time="16.83" errors="0">
  <testcase name="ssoLogin" time="9.306" classname="web.FirstSample"/>
  <testcase name="homePage" time="4.096" classname="web.FirstSample"/>
  <testcase name="searchWeather" time="0.0" classname="web.FirstSample">
    <ignored/>
  </testcase> <!-- searchWeather -->
</testsuite> <!-- Test in Chrome -->
