<?xml version="1.0" encoding="UTF-8"?>
<!-- Generated by org.testng.reporters.JUnitXMLReporter -->
<testsuite hostname="GCND8251LFTE" ignored="1" name="Test in Chrome" tests="2" failures="0" timestamp="2019-02-26T16:15:55 GMT-08:00" time="15.34" errors="0">
  <testcase name="ssoLogin" time="8.624" classname="web.FirstSample"/>
  <testcase name="homePage" time="3.369" classname="web.FirstSample"/>
  <testcase name="searchWeather" time="0.0" classname="web.FirstSample">
    <ignored/>
  </testcase> <!-- searchWeather -->
</testsuite> <!-- Test in Chrome -->
